{"/Users/xlozinguez/Projects/8thgrader/8thgrader-quiz-snack/App.js": {"path":"/Users/xlozinguez/Projects/8thgrader/8thgrader-quiz-snack/App.js","statementMap":{"0":{"start":{"line":13,"column":14},"end":{"line":13,"column":36}},"1":{"start":{"line":16,"column":2},"end":{"line":60,"column":4}},"2":{"start":{"line":40,"column":35},"end":{"line":40,"column":71}},"3":{"start":{"line":45,"column":35},"end":{"line":48,"column":11}}},"fnMap":{"0":{"name":"App","decl":{"start":{"line":15,"column":24},"end":{"line":15,"column":27}},"loc":{"start":{"line":15,"column":30},"end":{"line":61,"column":1}},"line":15},"1":{"name":"(anonymous_1)","decl":{"start":{"line":40,"column":19},"end":{"line":40,"column":20}},"loc":{"start":{"line":40,"column":35},"end":{"line":40,"column":71}},"line":40},"2":{"name":"(anonymous_2)","decl":{"start":{"line":45,"column":19},"end":{"line":45,"column":20}},"loc":{"start":{"line":45,"column":35},"end":{"line":48,"column":11}},"line":45}},"branchMap":{"0":{"loc":{"start":{"line":46,"column":51},"end":{"line":46,"column":103}},"type":"cond-expr","locations":[{"start":{"line":46,"column":87},"end":{"line":46,"column":94}},{"start":{"line":46,"column":97},"end":{"line":46,"column":103}}],"line":46}},"s":{"0":1,"1":0,"2":0,"3":0},"f":{"0":0,"1":0,"2":0},"b":{"0":[0,0]},"_coverageSchema":"1a1c01bbd47fc00a2c39e90264f33305004495a9","hash":"f5e09ea3d06b4f290079876490fb6e98e5db231e"}
,"/Users/xlozinguez/Projects/8thgrader/8thgrader-quiz-snack/data/flashcards.js": {"path":"/Users/xlozinguez/Projects/8thgrader/8thgrader-quiz-snack/data/flashcards.js","statementMap":{"0":{"start":{"line":1,"column":30},"end":{"line":627,"column":1}}},"fnMap":{},"branchMap":{},"s":{"0":2},"f":{},"b":{},"_coverageSchema":"1a1c01bbd47fc00a2c39e90264f33305004495a9","hash":"6c2b6a666080d8b242e9759000b80ae16a03fc01"}
,"/Users/xlozinguez/Projects/8thgrader/8thgrader-quiz-snack/screens/HomeScreen.js": {"path":"/Users/xlozinguez/Projects/8thgrader/8thgrader-quiz-snack/screens/HomeScreen.js","statementMap":{"0":{"start":{"line":13,"column":18},"end":{"line":13,"column":42}},"1":{"start":{"line":16,"column":19},"end":{"line":16,"column":48}},"2":{"start":{"line":18,"column":28},"end":{"line":20,"column":3}},"3":{"start":{"line":19,"column":4},"end":{"line":19,"column":48}},"4":{"start":{"line":22,"column":2},"end":{"line":59,"column":4}},"5":{"start":{"line":32,"column":12},"end":{"line":48,"column":31}},"6":{"start":{"line":35,"column":29},"end":{"line":35,"column":55}},"7":{"start":{"line":45,"column":57},"end":{"line":45,"column":82}},"8":{"start":{"line":62,"column":15},"end":{"line":147,"column":2}}},"fnMap":{"0":{"name":"HomeScreen","decl":{"start":{"line":15,"column":24},"end":{"line":15,"column":34}},"loc":{"start":{"line":15,"column":51},"end":{"line":60,"column":1}},"line":15},"1":{"name":"(anonymous_1)","decl":{"start":{"line":18,"column":28},"end":{"line":18,"column":29}},"loc":{"start":{"line":18,"column":41},"end":{"line":20,"column":3}},"line":18},"2":{"name":"(anonymous_2)","decl":{"start":{"line":31,"column":24},"end":{"line":31,"column":25}},"loc":{"start":{"line":32,"column":12},"end":{"line":48,"column":31}},"line":32},"3":{"name":"(anonymous_3)","decl":{"start":{"line":35,"column":23},"end":{"line":35,"column":24}},"loc":{"start":{"line":35,"column":29},"end":{"line":35,"column":55}},"line":35},"4":{"name":"(anonymous_4)","decl":{"start":{"line":45,"column":40},"end":{"line":45,"column":41}},"loc":{"start":{"line":45,"column":57},"end":{"line":45,"column":82}},"line":45}},"branchMap":{},"s":{"0":1,"1":0,"2":0,"3":0,"4":0,"5":0,"6":0,"7":0,"8":1},"f":{"0":0,"1":0,"2":0,"3":0,"4":0},"b":{},"_coverageSchema":"1a1c01bbd47fc00a2c39e90264f33305004495a9","hash":"2ffe467c6658041f5bee43f1352a894a722cf14f"}
,"/Users/xlozinguez/Projects/8thgrader/8thgrader-quiz-snack/screens/QuizScreen.js": {"path":"/Users/xlozinguez/Projects/8thgrader/8thgrader-quiz-snack/screens/QuizScreen.js","statementMap":{"0":{"start":{"line":15,"column":18},"end":{"line":15,"column":42}},"1":{"start":{"line":18,"column":50},"end":{"line":18,"column":62}},"2":{"start":{"line":19,"column":50},"end":{"line":19,"column":61}},"3":{"start":{"line":20,"column":28},"end":{"line":20,"column":39}},"4":{"start":{"line":21,"column":40},"end":{"line":21,"column":52}},"5":{"start":{"line":22,"column":44},"end":{"line":22,"column":56}},"6":{"start":{"line":23,"column":26},"end":{"line":23,"column":57}},"7":{"start":{"line":24,"column":30},"end":{"line":24,"column":61}},"8":{"start":{"line":27,"column":34},"end":{"line":27,"column":49}},"9":{"start":{"line":28,"column":44},"end":{"line":28,"column":59}},"10":{"start":{"line":29,"column":38},"end":{"line":29,"column":53}},"11":{"start":{"line":30,"column":44},"end":{"line":30,"column":56}},"12":{"start":{"line":33,"column":2},"end":{"line":42,"column":20}},"13":{"start":{"line":34,"column":4},"end":{"line":41,"column":5}},"14":{"start":{"line":36,"column":6},"end":{"line":36,"column":35}},"15":{"start":{"line":39,"column":23},"end":{"line":39,"column":65}},"16":{"start":{"line":39,"column":45},"end":{"line":39,"column":64}},"17":{"start":{"line":40,"column":6},"end":{"line":40,"column":33}},"18":{"start":{"line":45,"column":2},"end":{"line":53,"column":66}},"19":{"start":{"line":46,"column":4},"end":{"line":52,"column":5}},"20":{"start":{"line":47,"column":6},"end":{"line":51,"column":17}},"21":{"start":{"line":56,"column":32},"end":{"line":74,"column":12}},"22":{"start":{"line":57,"column":4},"end":{"line":57,"column":35}},"23":{"start":{"line":57,"column":25},"end":{"line":57,"column":35}},"24":{"start":{"line":59,"column":25},"end":{"line":63,"column":18}},"25":{"start":{"line":60,"column":22},"end":{"line":60,"column":56}},"26":{"start":{"line":61,"column":19},"end":{"line":61,"column":30}},"27":{"start":{"line":62,"column":18},"end":{"line":62,"column":37}},"28":{"start":{"line":65,"column":20},"end":{"line":71,"column":9}},"29":{"start":{"line":66,"column":18},"end":{"line":66,"column":37}},"30":{"start":{"line":67,"column":31},"end":{"line":71,"column":7}},"31":{"start":{"line":73,"column":4},"end":{"line":73,"column":19}},"32":{"start":{"line":77,"column":2},"end":{"line":87,"column":69}},"33":{"start":{"line":78,"column":4},"end":{"line":78,"column":23}},"34":{"start":{"line":79,"column":4},"end":{"line":79,"column":28}},"35":{"start":{"line":80,"column":4},"end":{"line":80,"column":25}},"36":{"start":{"line":83,"column":4},"end":{"line":86,"column":5}},"37":{"start":{"line":84,"column":22},"end":{"line":84,"column":91}},"38":{"start":{"line":85,"column":6},"end":{"line":85,"column":32}},"39":{"start":{"line":90,"column":2},"end":{"line":98,"column":43}},"40":{"start":{"line":91,"column":4},"end":{"line":97,"column":5}},"41":{"start":{"line":92,"column":6},"end":{"line":96,"column":17}},"42":{"start":{"line":100,"column":19},"end":{"line":112,"column":3}},"43":{"start":{"line":101,"column":4},"end":{"line":111,"column":5}},"44":{"start":{"line":102,"column":6},"end":{"line":102,"column":62}},"45":{"start":{"line":104,"column":6},"end":{"line":108,"column":17}},"46":{"start":{"line":110,"column":6},"end":{"line":110,"column":33}},"47":{"start":{"line":114,"column":19},"end":{"line":122,"column":3}},"48":{"start":{"line":115,"column":4},"end":{"line":121,"column":5}},"49":{"start":{"line":116,"column":6},"end":{"line":116,"column":44}},"50":{"start":{"line":116,"column":34},"end":{"line":116,"column":42}},"51":{"start":{"line":117,"column":6},"end":{"line":117,"column":32}},"52":{"start":{"line":118,"column":6},"end":{"line":118,"column":61}},"53":{"start":{"line":120,"column":6},"end":{"line":120,"column":22}},"54":{"start":{"line":124,"column":23},"end":{"line":131,"column":3}},"55":{"start":{"line":125,"column":4},"end":{"line":130,"column":5}},"56":{"start":{"line":126,"column":6},"end":{"line":126,"column":48}},"57":{"start":{"line":127,"column":6},"end":{"line":127,"column":27}},"58":{"start":{"line":128,"column":6},"end":{"line":128,"column":32}},"59":{"start":{"line":129,"column":6},"end":{"line":129,"column":61}},"60":{"start":{"line":133,"column":27},"end":{"line":160,"column":3}},"61":{"start":{"line":135,"column":4},"end":{"line":137,"column":5}},"62":{"start":{"line":136,"column":6},"end":{"line":136,"column":13}},"63":{"start":{"line":139,"column":22},"end":{"line":139,"column":46}},"64":{"start":{"line":141,"column":22},"end":{"line":146,"column":5}},"65":{"start":{"line":148,"column":4},"end":{"line":148,"column":49}},"66":{"start":{"line":148,"column":27},"end":{"line":148,"column":47}},"67":{"start":{"line":150,"column":4},"end":{"line":155,"column":5}},"68":{"start":{"line":151,"column":6},"end":{"line":151,"column":33}},"69":{"start":{"line":151,"column":23},"end":{"line":151,"column":31}},"70":{"start":{"line":152,"column":6},"end":{"line":152,"column":74}},"71":{"start":{"line":154,"column":6},"end":{"line":154,"column":72}},"72":{"start":{"line":158,"column":4},"end":{"line":158,"column":22}},"73":{"start":{"line":159,"column":4},"end":{"line":159,"column":27}},"74":{"start":{"line":162,"column":24},"end":{"line":174,"column":3}},"75":{"start":{"line":163,"column":24},"end":{"line":171,"column":5}},"76":{"start":{"line":173,"column":4},"end":{"line":173,"column":48}},"77":{"start":{"line":176,"column":31},"end":{"line":185,"column":3}},"78":{"start":{"line":177,"column":4},"end":{"line":184,"column":6}},"79":{"start":{"line":182,"column":61},"end":{"line":182,"column":80}},"80":{"start":{"line":187,"column":2},"end":{"line":193,"column":3}},"81":{"start":{"line":188,"column":4},"end":{"line":192,"column":6}},"82":{"start":{"line":195,"column":22},"end":{"line":195,"column":53}},"83":{"start":{"line":196,"column":19},"end":{"line":196,"column":64}},"84":{"start":{"line":198,"column":24},"end":{"line":201,"column":4}},"85":{"start":{"line":203,"column":23},"end":{"line":206,"column":4}},"86":{"start":{"line":208,"column":23},"end":{"line":211,"column":4}},"87":{"start":{"line":213,"column":22},"end":{"line":216,"column":4}},"88":{"start":{"line":218,"column":2},"end":{"line":372,"column":4}},"89":{"start":{"line":333,"column":18},"end":{"line":347,"column":37}},"90":{"start":{"line":341,"column":35},"end":{"line":341,"column":59}},"91":{"start":{"line":375,"column":15},"end":{"line":587,"column":2}}},"fnMap":{"0":{"name":"QuizScreen","decl":{"start":{"line":17,"column":24},"end":{"line":17,"column":34}},"loc":{"start":{"line":17,"column":58},"end":{"line":373,"column":1}},"line":17},"1":{"name":"(anonymous_1)","decl":{"start":{"line":33,"column":12},"end":{"line":33,"column":13}},"loc":{"start":{"line":33,"column":18},"end":{"line":42,"column":3}},"line":33},"2":{"name":"(anonymous_2)","decl":{"start":{"line":39,"column":39},"end":{"line":39,"column":40}},"loc":{"start":{"line":39,"column":45},"end":{"line":39,"column":64}},"line":39},"3":{"name":"(anonymous_3)","decl":{"start":{"line":45,"column":12},"end":{"line":45,"column":13}},"loc":{"start":{"line":45,"column":18},"end":{"line":53,"column":3}},"line":45},"4":{"name":"(anonymous_4)","decl":{"start":{"line":56,"column":50},"end":{"line":56,"column":51}},"loc":{"start":{"line":56,"column":77},"end":{"line":74,"column":3}},"line":56},"5":{"name":"(anonymous_5)","decl":{"start":{"line":60,"column":14},"end":{"line":60,"column":15}},"loc":{"start":{"line":60,"column":22},"end":{"line":60,"column":56}},"line":60},"6":{"name":"(anonymous_6)","decl":{"start":{"line":61,"column":11},"end":{"line":61,"column":12}},"loc":{"start":{"line":61,"column":19},"end":{"line":61,"column":30}},"line":61},"7":{"name":"(anonymous_7)","decl":{"start":{"line":62,"column":12},"end":{"line":62,"column":13}},"loc":{"start":{"line":62,"column":18},"end":{"line":62,"column":37}},"line":62},"8":{"name":"(anonymous_8)","decl":{"start":{"line":66,"column":12},"end":{"line":66,"column":13}},"loc":{"start":{"line":66,"column":18},"end":{"line":66,"column":37}},"line":66},"9":{"name":"(anonymous_9)","decl":{"start":{"line":67,"column":11},"end":{"line":67,"column":12}},"loc":{"start":{"line":67,"column":31},"end":{"line":71,"column":7}},"line":67},"10":{"name":"(anonymous_10)","decl":{"start":{"line":77,"column":12},"end":{"line":77,"column":13}},"loc":{"start":{"line":77,"column":18},"end":{"line":87,"column":3}},"line":77},"11":{"name":"(anonymous_11)","decl":{"start":{"line":90,"column":12},"end":{"line":90,"column":13}},"loc":{"start":{"line":90,"column":18},"end":{"line":98,"column":3}},"line":90},"12":{"name":"(anonymous_12)","decl":{"start":{"line":100,"column":19},"end":{"line":100,"column":20}},"loc":{"start":{"line":100,"column":25},"end":{"line":112,"column":3}},"line":100},"13":{"name":"(anonymous_13)","decl":{"start":{"line":114,"column":19},"end":{"line":114,"column":20}},"loc":{"start":{"line":114,"column":25},"end":{"line":122,"column":3}},"line":114},"14":{"name":"(anonymous_14)","decl":{"start":{"line":116,"column":26},"end":{"line":116,"column":27}},"loc":{"start":{"line":116,"column":34},"end":{"line":116,"column":42}},"line":116},"15":{"name":"(anonymous_15)","decl":{"start":{"line":124,"column":23},"end":{"line":124,"column":24}},"loc":{"start":{"line":124,"column":29},"end":{"line":131,"column":3}},"line":124},"16":{"name":"(anonymous_16)","decl":{"start":{"line":133,"column":27},"end":{"line":133,"column":28}},"loc":{"start":{"line":133,"column":47},"end":{"line":160,"column":3}},"line":133},"17":{"name":"(anonymous_17)","decl":{"start":{"line":148,"column":19},"end":{"line":148,"column":20}},"loc":{"start":{"line":148,"column":27},"end":{"line":148,"column":47}},"line":148},"18":{"name":"(anonymous_18)","decl":{"start":{"line":151,"column":15},"end":{"line":151,"column":16}},"loc":{"start":{"line":151,"column":23},"end":{"line":151,"column":31}},"line":151},"19":{"name":"(anonymous_19)","decl":{"start":{"line":162,"column":24},"end":{"line":162,"column":25}},"loc":{"start":{"line":162,"column":30},"end":{"line":174,"column":3}},"line":162},"20":{"name":"(anonymous_20)","decl":{"start":{"line":176,"column":31},"end":{"line":176,"column":32}},"loc":{"start":{"line":176,"column":37},"end":{"line":185,"column":3}},"line":176},"21":{"name":"(anonymous_21)","decl":{"start":{"line":182,"column":55},"end":{"line":182,"column":56}},"loc":{"start":{"line":182,"column":61},"end":{"line":182,"column":80}},"line":182},"22":{"name":"(anonymous_22)","decl":{"start":{"line":332,"column":35},"end":{"line":332,"column":36}},"loc":{"start":{"line":333,"column":18},"end":{"line":347,"column":37}},"line":333},"23":{"name":"(anonymous_23)","decl":{"start":{"line":341,"column":29},"end":{"line":341,"column":30}},"loc":{"start":{"line":341,"column":35},"end":{"line":341,"column":59}},"line":341}},"branchMap":{"0":{"loc":{"start":{"line":34,"column":4},"end":{"line":41,"column":5}},"type":"if","locations":[{"start":{"line":34,"column":4},"end":{"line":41,"column":5}},{"start":{"line":37,"column":11},"end":{"line":41,"column":5}}],"line":34},"1":{"loc":{"start":{"line":46,"column":4},"end":{"line":52,"column":5}},"type":"if","locations":[{"start":{"line":46,"column":4},"end":{"line":52,"column":5}},{"start":{},"end":{}}],"line":46},"2":{"loc":{"start":{"line":57,"column":4},"end":{"line":57,"column":35}},"type":"if","locations":[{"start":{"line":57,"column":4},"end":{"line":57,"column":35}},{"start":{},"end":{}}],"line":57},"3":{"loc":{"start":{"line":83,"column":4},"end":{"line":86,"column":5}},"type":"if","locations":[{"start":{"line":83,"column":4},"end":{"line":86,"column":5}},{"start":{},"end":{}}],"line":83},"4":{"loc":{"start":{"line":83,"column":8},"end":{"line":83,"column":51}},"type":"binary-expr","locations":[{"start":{"line":83,"column":8},"end":{"line":83,"column":23}},{"start":{"line":83,"column":27},"end":{"line":83,"column":51}}],"line":83},"5":{"loc":{"start":{"line":91,"column":4},"end":{"line":97,"column":5}},"type":"if","locations":[{"start":{"line":91,"column":4},"end":{"line":97,"column":5}},{"start":{},"end":{}}],"line":91},"6":{"loc":{"start":{"line":93,"column":17},"end":{"line":93,"column":38}},"type":"cond-expr","locations":[{"start":{"line":93,"column":33},"end":{"line":93,"column":34}},{"start":{"line":93,"column":37},"end":{"line":93,"column":38}}],"line":93},"7":{"loc":{"start":{"line":101,"column":4},"end":{"line":111,"column":5}},"type":"if","locations":[{"start":{"line":101,"column":4},"end":{"line":111,"column":5}},{"start":{},"end":{}}],"line":101},"8":{"loc":{"start":{"line":105,"column":17},"end":{"line":105,"column":35}},"type":"cond-expr","locations":[{"start":{"line":105,"column":30},"end":{"line":105,"column":31}},{"start":{"line":105,"column":34},"end":{"line":105,"column":35}}],"line":105},"9":{"loc":{"start":{"line":115,"column":4},"end":{"line":121,"column":5}},"type":"if","locations":[{"start":{"line":115,"column":4},"end":{"line":121,"column":5}},{"start":{"line":119,"column":11},"end":{"line":121,"column":5}}],"line":115},"10":{"loc":{"start":{"line":125,"column":4},"end":{"line":130,"column":5}},"type":"if","locations":[{"start":{"line":125,"column":4},"end":{"line":130,"column":5}},{"start":{},"end":{}}],"line":125},"11":{"loc":{"start":{"line":135,"column":4},"end":{"line":137,"column":5}},"type":"if","locations":[{"start":{"line":135,"column":4},"end":{"line":137,"column":5}},{"start":{},"end":{}}],"line":135},"12":{"loc":{"start":{"line":150,"column":4},"end":{"line":155,"column":5}},"type":"if","locations":[{"start":{"line":150,"column":4},"end":{"line":155,"column":5}},{"start":{"line":153,"column":11},"end":{"line":155,"column":5}}],"line":150},"13":{"loc":{"start":{"line":167,"column":13},"end":{"line":167,"column":43}},"type":"cond-expr","locations":[{"start":{"line":167,"column":31},"end":{"line":167,"column":36}},{"start":{"line":167,"column":39},"end":{"line":167,"column":43}}],"line":167},"14":{"loc":{"start":{"line":168,"column":19},"end":{"line":168,"column":55}},"type":"cond-expr","locations":[{"start":{"line":168,"column":37},"end":{"line":168,"column":48}},{"start":{"line":168,"column":51},"end":{"line":168,"column":55}}],"line":168},"15":{"loc":{"start":{"line":187,"column":2},"end":{"line":193,"column":3}},"type":"if","locations":[{"start":{"line":187,"column":2},"end":{"line":193,"column":3}},{"start":{},"end":{}}],"line":187},"16":{"loc":{"start":{"line":251,"column":27},"end":{"line":251,"column":57}},"type":"cond-expr","locations":[{"start":{"line":251,"column":50},"end":{"line":251,"column":53}},{"start":{"line":251,"column":56},"end":{"line":251,"column":57}}],"line":251},"17":{"loc":{"start":{"line":267,"column":15},"end":{"line":269,"column":15}},"type":"binary-expr","locations":[{"start":{"line":267,"column":15},"end":{"line":267,"column":35}},{"start":{"line":268,"column":16},"end":{"line":268,"column":72}}],"line":267},"18":{"loc":{"start":{"line":290,"column":9},"end":{"line":352,"column":9}},"type":"cond-expr","locations":[{"start":{"line":291,"column":10},"end":{"line":317,"column":17}},{"start":{"line":319,"column":10},"end":{"line":351,"column":17}}],"line":290},"19":{"loc":{"start":{"line":293,"column":40},"end":{"line":293,"column":90}},"type":"binary-expr","locations":[{"start":{"line":293,"column":40},"end":{"line":293,"column":62}},{"start":{"line":293,"column":66},"end":{"line":293,"column":90}}],"line":293},"20":{"loc":{"start":{"line":305,"column":17},"end":{"line":305,"column":61}},"type":"cond-expr","locations":[{"start":{"line":305,"column":30},"end":{"line":305,"column":45}},{"start":{"line":305,"column":48},"end":{"line":305,"column":61}}],"line":305},"21":{"loc":{"start":{"line":314,"column":17},"end":{"line":314,"column":84}},"type":"cond-expr","locations":[{"start":{"line":314,"column":65},"end":{"line":314,"column":73}},{"start":{"line":314,"column":76},"end":{"line":314,"column":84}}],"line":314},"22":{"loc":{"start":{"line":320,"column":13},"end":{"line":350,"column":13}},"type":"cond-expr","locations":[{"start":{"line":321,"column":14},"end":{"line":329,"column":33}},{"start":{"line":331,"column":14},"end":{"line":349,"column":21}}],"line":320},"23":{"loc":{"start":{"line":320,"column":13},"end":{"line":320,"column":38}},"type":"binary-expr","locations":[{"start":{"line":320,"column":13},"end":{"line":320,"column":21}},{"start":{"line":320,"column":25},"end":{"line":320,"column":38}}],"line":320},"24":{"loc":{"start":{"line":327,"column":19},"end":{"line":327,"column":93}},"type":"cond-expr","locations":[{"start":{"line":327,"column":67},"end":{"line":327,"column":80}},{"start":{"line":327,"column":83},"end":{"line":327,"column":93}}],"line":327},"25":{"loc":{"start":{"line":338,"column":22},"end":{"line":338,"column":74}},"type":"binary-expr","locations":[{"start":{"line":338,"column":22},"end":{"line":338,"column":30}},{"start":{"line":338,"column":34},"end":{"line":338,"column":50}},{"start":{"line":338,"column":54},"end":{"line":338,"column":74}}],"line":338},"26":{"loc":{"start":{"line":339,"column":22},"end":{"line":339,"column":77}},"type":"binary-expr","locations":[{"start":{"line":339,"column":22},"end":{"line":339,"column":30}},{"start":{"line":339,"column":34},"end":{"line":339,"column":51}},{"start":{"line":339,"column":55},"end":{"line":339,"column":77}}],"line":339},"27":{"loc":{"start":{"line":363,"column":9},"end":{"line":369,"column":9}},"type":"binary-expr","locations":[{"start":{"line":363,"column":9},"end":{"line":363,"column":24}},{"start":{"line":364,"column":10},"end":{"line":368,"column":17}}],"line":363}},"s":{"0":1,"1":0,"2":0,"3":0,"4":0,"5":0,"6":0,"7":0,"8":0,"9":0,"10":0,"11":0,"12":0,"13":0,"14":0,"15":0,"16":0,"17":0,"18":0,"19":0,"20":0,"21":0,"22":0,"23":0,"24":0,"25":0,"26":0,"27":0,"28":0,"29":0,"30":0,"31":0,"32":0,"33":0,"34":0,"35":0,"36":0,"37":0,"38":0,"39":0,"40":0,"41":0,"42":0,"43":0,"44":0,"45":0,"46":0,"47":0,"48":0,"49":0,"50":0,"51":0,"52":0,"53":0,"54":0,"55":0,"56":0,"57":0,"58":0,"59":0,"60":0,"61":0,"62":0,"63":0,"64":0,"65":0,"66":0,"67":0,"68":0,"69":0,"70":0,"71":0,"72":0,"73":0,"74":0,"75":0,"76":0,"77":0,"78":0,"79":0,"80":0,"81":0,"82":0,"83":0,"84":0,"85":0,"86":0,"87":0,"88":0,"89":0,"90":0,"91":1},"f":{"0":0,"1":0,"2":0,"3":0,"4":0,"5":0,"6":0,"7":0,"8":0,"9":0,"10":0,"11":0,"12":0,"13":0,"14":0,"15":0,"16":0,"17":0,"18":0,"19":0,"20":0,"21":0,"22":0,"23":0},"b":{"0":[0,0],"1":[0,0],"2":[0,0],"3":[0,0],"4":[0,0],"5":[0,0],"6":[0,0],"7":[0,0],"8":[0,0],"9":[0,0],"10":[0,0],"11":[0,0],"12":[0,0],"13":[0,0],"14":[0,0],"15":[0,0],"16":[0,0],"17":[0,0],"18":[0,0],"19":[0,0],"20":[0,0],"21":[0,0],"22":[0,0],"23":[0,0],"24":[0,0],"25":[0,0,0],"26":[0,0,0],"27":[0,0]},"_coverageSchema":"1a1c01bbd47fc00a2c39e90264f33305004495a9","hash":"81ebf601dcf560eccc8802a8bd60529ed511d9c6"}
,"/Users/xlozinguez/Projects/8thgrader/8thgrader-quiz-snack/screens/ResultsScreen.js": {"path":"/Users/xlozinguez/Projects/8thgrader/8thgrader-quiz-snack/screens/ResultsScreen.js","statementMap":{"0":{"start":{"line":12,"column":18},"end":{"line":12,"column":42}},"1":{"start":{"line":23,"column":6},"end":{"line":23,"column":18}},"2":{"start":{"line":25,"column":29},"end":{"line":30,"column":3}},"3":{"start":{"line":26,"column":4},"end":{"line":28,"column":5}},"4":{"start":{"line":27,"column":6},"end":{"line":27,"column":52}},"5":{"start":{"line":29,"column":4},"end":{"line":29,"column":16}},"6":{"start":{"line":32,"column":32},"end":{"line":73,"column":3}},"7":{"start":{"line":33,"column":4},"end":{"line":39,"column":5}},"8":{"start":{"line":34,"column":6},"end":{"line":38,"column":8}},"9":{"start":{"line":41,"column":23},"end":{"line":41,"column":43}},"10":{"start":{"line":42,"column":4},"end":{"line":72,"column":5}},"11":{"start":{"line":43,"column":6},"end":{"line":47,"column":8}},"12":{"start":{"line":48,"column":11},"end":{"line":72,"column":5}},"13":{"start":{"line":49,"column":6},"end":{"line":53,"column":8}},"14":{"start":{"line":54,"column":11},"end":{"line":72,"column":5}},"15":{"start":{"line":55,"column":6},"end":{"line":59,"column":8}},"16":{"start":{"line":60,"column":11},"end":{"line":72,"column":5}},"17":{"start":{"line":61,"column":6},"end":{"line":65,"column":8}},"18":{"start":{"line":67,"column":6},"end":{"line":71,"column":8}},"19":{"start":{"line":75,"column":26},"end":{"line":75,"column":49}},"20":{"start":{"line":77,"column":17},"end":{"line":79,"column":3}},"21":{"start":{"line":78,"column":4},"end":{"line":78,"column":32}},"22":{"start":{"line":81,"column":21},"end":{"line":83,"column":3}},"23":{"start":{"line":82,"column":4},"end":{"line":82,"column":48}},"24":{"start":{"line":85,"column":21},"end":{"line":90,"column":3}},"25":{"start":{"line":86,"column":4},"end":{"line":89,"column":7}},"26":{"start":{"line":92,"column":30},"end":{"line":95,"column":3}},"27":{"start":{"line":93,"column":4},"end":{"line":93,"column":51}},"28":{"start":{"line":93,"column":41},"end":{"line":93,"column":51}},"29":{"start":{"line":94,"column":4},"end":{"line":94,"column":57}},"30":{"start":{"line":94,"column":40},"end":{"line":94,"column":55}},"31":{"start":{"line":97,"column":2},"end":{"line":220,"column":4}},"32":{"start":{"line":169,"column":14},"end":{"line":176,"column":21}},"33":{"start":{"line":194,"column":27},"end":{"line":194,"column":55}},"34":{"start":{"line":223,"column":15},"end":{"line":405,"column":2}}},"fnMap":{"0":{"name":"ResultsScreen","decl":{"start":{"line":14,"column":24},"end":{"line":14,"column":37}},"loc":{"start":{"line":14,"column":61},"end":{"line":221,"column":1}},"line":14},"1":{"name":"(anonymous_1)","decl":{"start":{"line":25,"column":29},"end":{"line":25,"column":30}},"loc":{"start":{"line":25,"column":35},"end":{"line":30,"column":3}},"line":25},"2":{"name":"(anonymous_2)","decl":{"start":{"line":32,"column":32},"end":{"line":32,"column":33}},"loc":{"start":{"line":32,"column":38},"end":{"line":73,"column":3}},"line":32},"3":{"name":"(anonymous_3)","decl":{"start":{"line":77,"column":17},"end":{"line":77,"column":18}},"loc":{"start":{"line":77,"column":23},"end":{"line":79,"column":3}},"line":77},"4":{"name":"(anonymous_4)","decl":{"start":{"line":81,"column":21},"end":{"line":81,"column":22}},"loc":{"start":{"line":81,"column":27},"end":{"line":83,"column":3}},"line":81},"5":{"name":"(anonymous_5)","decl":{"start":{"line":85,"column":21},"end":{"line":85,"column":22}},"loc":{"start":{"line":85,"column":36},"end":{"line":90,"column":3}},"line":85},"6":{"name":"(anonymous_6)","decl":{"start":{"line":92,"column":30},"end":{"line":92,"column":31}},"loc":{"start":{"line":92,"column":36},"end":{"line":95,"column":3}},"line":92},"7":{"name":"(anonymous_7)","decl":{"start":{"line":94,"column":30},"end":{"line":94,"column":31}},"loc":{"start":{"line":94,"column":40},"end":{"line":94,"column":55}},"line":94},"8":{"name":"(anonymous_8)","decl":{"start":{"line":168,"column":39},"end":{"line":168,"column":40}},"loc":{"start":{"line":169,"column":14},"end":{"line":176,"column":21}},"line":169},"9":{"name":"(anonymous_9)","decl":{"start":{"line":194,"column":21},"end":{"line":194,"column":22}},"loc":{"start":{"line":194,"column":27},"end":{"line":194,"column":55}},"line":194}},"branchMap":{"0":{"loc":{"start":{"line":26,"column":4},"end":{"line":28,"column":5}},"type":"if","locations":[{"start":{"line":26,"column":4},"end":{"line":28,"column":5}},{"start":{},"end":{}}],"line":26},"1":{"loc":{"start":{"line":26,"column":8},"end":{"line":26,"column":41}},"type":"binary-expr","locations":[{"start":{"line":26,"column":8},"end":{"line":26,"column":23}},{"start":{"line":26,"column":27},"end":{"line":26,"column":41}}],"line":26},"2":{"loc":{"start":{"line":33,"column":4},"end":{"line":39,"column":5}},"type":"if","locations":[{"start":{"line":33,"column":4},"end":{"line":39,"column":5}},{"start":{},"end":{}}],"line":33},"3":{"loc":{"start":{"line":42,"column":4},"end":{"line":72,"column":5}},"type":"if","locations":[{"start":{"line":42,"column":4},"end":{"line":72,"column":5}},{"start":{"line":48,"column":11},"end":{"line":72,"column":5}}],"line":42},"4":{"loc":{"start":{"line":48,"column":11},"end":{"line":72,"column":5}},"type":"if","locations":[{"start":{"line":48,"column":11},"end":{"line":72,"column":5}},{"start":{"line":54,"column":11},"end":{"line":72,"column":5}}],"line":48},"5":{"loc":{"start":{"line":54,"column":11},"end":{"line":72,"column":5}},"type":"if","locations":[{"start":{"line":54,"column":11},"end":{"line":72,"column":5}},{"start":{"line":60,"column":11},"end":{"line":72,"column":5}}],"line":54},"6":{"loc":{"start":{"line":60,"column":11},"end":{"line":72,"column":5}},"type":"if","locations":[{"start":{"line":60,"column":11},"end":{"line":72,"column":5}},{"start":{"line":66,"column":11},"end":{"line":72,"column":5}}],"line":60},"7":{"loc":{"start":{"line":93,"column":4},"end":{"line":93,"column":51}},"type":"if","locations":[{"start":{"line":93,"column":4},"end":{"line":93,"column":51}},{"start":{},"end":{}}],"line":93},"8":{"loc":{"start":{"line":93,"column":8},"end":{"line":93,"column":39}},"type":"binary-expr","locations":[{"start":{"line":93,"column":8},"end":{"line":93,"column":23}},{"start":{"line":93,"column":27},"end":{"line":93,"column":39}}],"line":93},"9":{"loc":{"start":{"line":115,"column":15},"end":{"line":115,"column":62}},"type":"cond-expr","locations":[{"start":{"line":115,"column":38},"end":{"line":115,"column":48}},{"start":{"line":115,"column":51},"end":{"line":115,"column":62}}],"line":115},"10":{"loc":{"start":{"line":119,"column":11},"end":{"line":137,"column":11}},"type":"binary-expr","locations":[{"start":{"line":119,"column":11},"end":{"line":119,"column":26}},{"start":{"line":119,"column":30},"end":{"line":119,"column":44}},{"start":{"line":120,"column":12},"end":{"line":136,"column":15}}],"line":119},"11":{"loc":{"start":{"line":154,"column":21},"end":{"line":154,"column":76}},"type":"cond-expr","locations":[{"start":{"line":154,"column":44},"end":{"line":154,"column":62}},{"start":{"line":154,"column":65},"end":{"line":154,"column":76}}],"line":154},"12":{"loc":{"start":{"line":163,"column":9},"end":{"line":179,"column":9}},"type":"binary-expr","locations":[{"start":{"line":163,"column":9},"end":{"line":163,"column":24}},{"start":{"line":163,"column":28},"end":{"line":163,"column":60}},{"start":{"line":164,"column":10},"end":{"line":178,"column":17}}],"line":163},"13":{"loc":{"start":{"line":188,"column":15},"end":{"line":188,"column":76}},"type":"cond-expr","locations":[{"start":{"line":188,"column":38},"end":{"line":188,"column":54}},{"start":{"line":188,"column":57},"end":{"line":188,"column":76}}],"line":188},"14":{"loc":{"start":{"line":210,"column":13},"end":{"line":214,"column":93}},"type":"cond-expr","locations":[{"start":{"line":211,"column":16},"end":{"line":211,"column":108}},{"start":{"line":212,"column":16},"end":{"line":214,"column":93}}],"line":210},"15":{"loc":{"start":{"line":212,"column":27},"end":{"line":214,"column":91}},"type":"cond-expr","locations":[{"start":{"line":213,"column":18},"end":{"line":213,"column":83}},{"start":{"line":214,"column":18},"end":{"line":214,"column":91}}],"line":212}},"s":{"0":1,"1":0,"2":0,"3":0,"4":0,"5":0,"6":0,"7":0,"8":0,"9":0,"10":0,"11":0,"12":0,"13":0,"14":0,"15":0,"16":0,"17":0,"18":0,"19":0,"20":0,"21":0,"22":0,"23":0,"24":0,"25":0,"26":0,"27":0,"28":0,"29":0,"30":0,"31":0,"32":0,"33":0,"34":1},"f":{"0":0,"1":0,"2":0,"3":0,"4":0,"5":0,"6":0,"7":0,"8":0,"9":0},"b":{"0":[0,0],"1":[0,0],"2":[0,0],"3":[0,0],"4":[0,0],"5":[0,0],"6":[0,0],"7":[0,0],"8":[0,0],"9":[0,0],"10":[0,0,0],"11":[0,0],"12":[0,0,0],"13":[0,0],"14":[0,0],"15":[0,0]},"_coverageSchema":"1a1c01bbd47fc00a2c39e90264f33305004495a9","hash":"edd65d7ac1282be89b025619152549503433b362"}
,"/Users/xlozinguez/Projects/8thgrader/8thgrader-quiz-snack/screens/SubjectScreen.js": {"path":"/Users/xlozinguez/Projects/8thgrader/8thgrader-quiz-snack/screens/SubjectScreen.js","statementMap":{"0":{"start":{"line":13,"column":22},"end":{"line":13,"column":34}},"1":{"start":{"line":14,"column":44},"end":{"line":14,"column":56}},"2":{"start":{"line":15,"column":34},"end":{"line":15,"column":55}},"3":{"start":{"line":17,"column":21},"end":{"line":25,"column":3}},"4":{"start":{"line":18,"column":4},"end":{"line":24,"column":7}},"5":{"start":{"line":19,"column":6},"end":{"line":23,"column":7}},"6":{"start":{"line":20,"column":8},"end":{"line":20,"column":48}},"7":{"start":{"line":20,"column":33},"end":{"line":20,"column":46}},"8":{"start":{"line":22,"column":8},"end":{"line":22,"column":33}},"9":{"start":{"line":27,"column":25},"end":{"line":33,"column":3}},"10":{"start":{"line":28,"column":4},"end":{"line":32,"column":5}},"11":{"start":{"line":29,"column":6},"end":{"line":29,"column":27}},"12":{"start":{"line":31,"column":6},"end":{"line":31,"column":59}},"13":{"start":{"line":31,"column":49},"end":{"line":31,"column":56}},"14":{"start":{"line":35,"column":24},"end":{"line":51,"column":3}},"15":{"start":{"line":36,"column":4},"end":{"line":39,"column":5}},"16":{"start":{"line":37,"column":6},"end":{"line":37,"column":84}},"17":{"start":{"line":38,"column":6},"end":{"line":38,"column":13}},"18":{"start":{"line":41,"column":26},"end":{"line":43,"column":34}},"19":{"start":{"line":42,"column":22},"end":{"line":42,"column":53}},"20":{"start":{"line":43,"column":23},"end":{"line":43,"column":33}},"21":{"start":{"line":45,"column":4},"end":{"line":50,"column":7}},"22":{"start":{"line":53,"column":24},"end":{"line":57,"column":3}},"23":{"start":{"line":54,"column":4},"end":{"line":56,"column":61}},"24":{"start":{"line":55,"column":22},"end":{"line":55,"column":53}},"25":{"start":{"line":56,"column":31},"end":{"line":56,"column":56}},"26":{"start":{"line":59,"column":2},"end":{"line":167,"column":4}},"27":{"start":{"line":66,"column":82},"end":{"line":66,"column":107}},"28":{"start":{"line":75,"column":29},"end":{"line":75,"column":53}},"29":{"start":{"line":86,"column":29},"end":{"line":86,"column":48}},"30":{"start":{"line":109,"column":12},"end":{"line":140,"column":31}},"31":{"start":{"line":116,"column":29},"end":{"line":116,"column":48}},"32":{"start":{"line":170,"column":15},"end":{"line":345,"column":2}}},"fnMap":{"0":{"name":"SubjectScreen","decl":{"start":{"line":12,"column":24},"end":{"line":12,"column":37}},"loc":{"start":{"line":12,"column":61},"end":{"line":168,"column":1}},"line":12},"1":{"name":"(anonymous_1)","decl":{"start":{"line":17,"column":21},"end":{"line":17,"column":22}},"loc":{"start":{"line":17,"column":33},"end":{"line":25,"column":3}},"line":17},"2":{"name":"(anonymous_2)","decl":{"start":{"line":18,"column":21},"end":{"line":18,"column":22}},"loc":{"start":{"line":18,"column":29},"end":{"line":24,"column":5}},"line":18},"3":{"name":"(anonymous_3)","decl":{"start":{"line":20,"column":27},"end":{"line":20,"column":28}},"loc":{"start":{"line":20,"column":33},"end":{"line":20,"column":46}},"line":20},"4":{"name":"(anonymous_4)","decl":{"start":{"line":27,"column":25},"end":{"line":27,"column":26}},"loc":{"start":{"line":27,"column":31},"end":{"line":33,"column":3}},"line":27},"5":{"name":"(anonymous_5)","decl":{"start":{"line":31,"column":41},"end":{"line":31,"column":42}},"loc":{"start":{"line":31,"column":49},"end":{"line":31,"column":56}},"line":31},"6":{"name":"(anonymous_6)","decl":{"start":{"line":35,"column":24},"end":{"line":35,"column":25}},"loc":{"start":{"line":35,"column":30},"end":{"line":51,"column":3}},"line":35},"7":{"name":"(anonymous_7)","decl":{"start":{"line":42,"column":14},"end":{"line":42,"column":15}},"loc":{"start":{"line":42,"column":22},"end":{"line":42,"column":53}},"line":42},"8":{"name":"(anonymous_8)","decl":{"start":{"line":43,"column":15},"end":{"line":43,"column":16}},"loc":{"start":{"line":43,"column":23},"end":{"line":43,"column":33}},"line":43},"9":{"name":"(anonymous_9)","decl":{"start":{"line":53,"column":24},"end":{"line":53,"column":25}},"loc":{"start":{"line":53,"column":30},"end":{"line":57,"column":3}},"line":53},"10":{"name":"(anonymous_10)","decl":{"start":{"line":55,"column":14},"end":{"line":55,"column":15}},"loc":{"start":{"line":55,"column":22},"end":{"line":55,"column":53}},"line":55},"11":{"name":"(anonymous_11)","decl":{"start":{"line":56,"column":14},"end":{"line":56,"column":15}},"loc":{"start":{"line":56,"column":31},"end":{"line":56,"column":56}},"line":56},"12":{"name":"(anonymous_12)","decl":{"start":{"line":66,"column":65},"end":{"line":66,"column":66}},"loc":{"start":{"line":66,"column":82},"end":{"line":66,"column":107}},"line":66},"13":{"name":"(anonymous_13)","decl":{"start":{"line":75,"column":23},"end":{"line":75,"column":24}},"loc":{"start":{"line":75,"column":29},"end":{"line":75,"column":53}},"line":75},"14":{"name":"(anonymous_14)","decl":{"start":{"line":86,"column":23},"end":{"line":86,"column":24}},"loc":{"start":{"line":86,"column":29},"end":{"line":86,"column":48}},"line":86},"15":{"name":"(anonymous_15)","decl":{"start":{"line":108,"column":29},"end":{"line":108,"column":30}},"loc":{"start":{"line":109,"column":12},"end":{"line":140,"column":31}},"line":109},"16":{"name":"(anonymous_16)","decl":{"start":{"line":116,"column":23},"end":{"line":116,"column":24}},"loc":{"start":{"line":116,"column":29},"end":{"line":116,"column":48}},"line":116}},"branchMap":{"0":{"loc":{"start":{"line":19,"column":6},"end":{"line":23,"column":7}},"type":"if","locations":[{"start":{"line":19,"column":6},"end":{"line":23,"column":7}},{"start":{"line":21,"column":13},"end":{"line":23,"column":7}}],"line":19},"1":{"loc":{"start":{"line":28,"column":4},"end":{"line":32,"column":5}},"type":"if","locations":[{"start":{"line":28,"column":4},"end":{"line":32,"column":5}},{"start":{"line":30,"column":11},"end":{"line":32,"column":5}}],"line":28},"2":{"loc":{"start":{"line":36,"column":4},"end":{"line":39,"column":5}},"type":"if","locations":[{"start":{"line":36,"column":4},"end":{"line":39,"column":5}},{"start":{},"end":{}}],"line":36},"3":{"loc":{"start":{"line":74,"column":41},"end":{"line":74,"column":92}},"type":"binary-expr","locations":[{"start":{"line":74,"column":41},"end":{"line":74,"column":65}},{"start":{"line":74,"column":69},"end":{"line":74,"column":92}}],"line":74},"4":{"loc":{"start":{"line":77,"column":45},"end":{"line":77,"column":94}},"type":"binary-expr","locations":[{"start":{"line":77,"column":45},"end":{"line":77,"column":69}},{"start":{"line":77,"column":73},"end":{"line":77,"column":94}}],"line":77},"5":{"loc":{"start":{"line":80,"column":45},"end":{"line":80,"column":94}},"type":"binary-expr","locations":[{"start":{"line":80,"column":45},"end":{"line":80,"column":69}},{"start":{"line":80,"column":73},"end":{"line":80,"column":94}}],"line":80},"6":{"loc":{"start":{"line":85,"column":41},"end":{"line":85,"column":87}},"type":"binary-expr","locations":[{"start":{"line":85,"column":41},"end":{"line":85,"column":60}},{"start":{"line":85,"column":64},"end":{"line":85,"column":87}}],"line":85},"7":{"loc":{"start":{"line":88,"column":45},"end":{"line":88,"column":89}},"type":"binary-expr","locations":[{"start":{"line":88,"column":45},"end":{"line":88,"column":64}},{"start":{"line":88,"column":68},"end":{"line":88,"column":89}}],"line":88},"8":{"loc":{"start":{"line":91,"column":45},"end":{"line":91,"column":89}},"type":"binary-expr","locations":[{"start":{"line":91,"column":45},"end":{"line":91,"column":64}},{"start":{"line":91,"column":68},"end":{"line":91,"column":89}}],"line":91},"9":{"loc":{"start":{"line":103,"column":17},"end":{"line":103,"column":94}},"type":"cond-expr","locations":[{"start":{"line":103,"column":65},"end":{"line":103,"column":79}},{"start":{"line":103,"column":82},"end":{"line":103,"column":94}}],"line":103},"10":{"loc":{"start":{"line":114,"column":16},"end":{"line":114,"column":74}},"type":"binary-expr","locations":[{"start":{"line":114,"column":16},"end":{"line":114,"column":47}},{"start":{"line":114,"column":51},"end":{"line":114,"column":74}}],"line":114},"11":{"loc":{"start":{"line":121,"column":18},"end":{"line":121,"column":76}},"type":"binary-expr","locations":[{"start":{"line":121,"column":18},"end":{"line":121,"column":49}},{"start":{"line":121,"column":53},"end":{"line":121,"column":76}}],"line":121},"12":{"loc":{"start":{"line":127,"column":18},"end":{"line":127,"column":77}},"type":"binary-expr","locations":[{"start":{"line":127,"column":18},"end":{"line":127,"column":49}},{"start":{"line":127,"column":53},"end":{"line":127,"column":77}}],"line":127},"13":{"loc":{"start":{"line":134,"column":16},"end":{"line":134,"column":74}},"type":"binary-expr","locations":[{"start":{"line":134,"column":16},"end":{"line":134,"column":47}},{"start":{"line":134,"column":51},"end":{"line":134,"column":74}}],"line":134},"14":{"loc":{"start":{"line":136,"column":17},"end":{"line":138,"column":17}},"type":"binary-expr","locations":[{"start":{"line":136,"column":17},"end":{"line":136,"column":48}},{"start":{"line":137,"column":18},"end":{"line":137,"column":57}}],"line":136},"15":{"loc":{"start":{"line":144,"column":9},"end":{"line":150,"column":9}},"type":"binary-expr","locations":[{"start":{"line":144,"column":9},"end":{"line":144,"column":33}},{"start":{"line":145,"column":10},"end":{"line":149,"column":17}}],"line":144},"16":{"loc":{"start":{"line":147,"column":42},"end":{"line":147,"column":79}},"type":"cond-expr","locations":[{"start":{"line":147,"column":71},"end":{"line":147,"column":74}},{"start":{"line":147,"column":77},"end":{"line":147,"column":79}}],"line":147},"17":{"loc":{"start":{"line":156,"column":12},"end":{"line":156,"column":68}},"type":"binary-expr","locations":[{"start":{"line":156,"column":12},"end":{"line":156,"column":38}},{"start":{"line":156,"column":42},"end":{"line":156,"column":68}}],"line":156},"18":{"loc":{"start":{"line":162,"column":13},"end":{"line":162,"column":77}},"type":"cond-expr","locations":[{"start":{"line":162,"column":40},"end":{"line":162,"column":59}},{"start":{"line":162,"column":62},"end":{"line":162,"column":77}}],"line":162}},"s":{"0":0,"1":0,"2":0,"3":0,"4":0,"5":0,"6":0,"7":0,"8":0,"9":0,"10":0,"11":0,"12":0,"13":0,"14":0,"15":0,"16":0,"17":0,"18":0,"19":0,"20":0,"21":0,"22":0,"23":0,"24":0,"25":0,"26":0,"27":0,"28":0,"29":0,"30":0,"31":0,"32":1},"f":{"0":0,"1":0,"2":0,"3":0,"4":0,"5":0,"6":0,"7":0,"8":0,"9":0,"10":0,"11":0,"12":0,"13":0,"14":0,"15":0,"16":0},"b":{"0":[0,0],"1":[0,0],"2":[0,0],"3":[0,0],"4":[0,0],"5":[0,0],"6":[0,0],"7":[0,0],"8":[0,0],"9":[0,0],"10":[0,0],"11":[0,0],"12":[0,0],"13":[0,0],"14":[0,0],"15":[0,0],"16":[0,0],"17":[0,0],"18":[0,0]},"_coverageSchema":"1a1c01bbd47fc00a2c39e90264f33305004495a9","hash":"4fa2e272e3d481c40db910c51bd922714a3473df"}
}
