TN:
SF:App.js
FN:15,App
FN:40,(anonymous_1)
FN:45,(anonymous_2)
FNF:3
FNH:0
FNDA:0,App
FNDA:0,(anonymous_1)
FNDA:0,(anonymous_2)
DA:13,1
DA:16,0
DA:40,0
DA:45,0
LF:4
LH:1
BRDA:46,0,0,0
BRDA:46,0,1,0
BRF:2
BRH:0
end_of_record
TN:
SF:data/flashcards.js
FNF:0
FNH:0
DA:1,2
LF:1
LH:1
BRF:0
BRH:0
end_of_record
TN:
SF:screens/HomeScreen.js
FN:15,HomeScreen
FN:18,(anonymous_1)
FN:31,(anonymous_2)
FN:35,(anonymous_3)
FN:45,(anonymous_4)
FNF:5
FNH:0
FNDA:0,HomeScreen
FNDA:0,(anonymous_1)
FNDA:0,(anonymous_2)
FNDA:0,(anonymous_3)
FNDA:0,(anonymous_4)
DA:13,1
DA:16,0
DA:18,0
DA:19,0
DA:22,0
DA:32,0
DA:35,0
DA:45,0
DA:62,1
LF:9
LH:2
BRF:0
BRH:0
end_of_record
TN:
SF:screens/QuizScreen.js
FN:17,QuizScreen
FN:33,(anonymous_1)
FN:39,(anonymous_2)
FN:45,(anonymous_3)
FN:56,(anonymous_4)
FN:60,(anonymous_5)
FN:61,(anonymous_6)
FN:62,(anonymous_7)
FN:66,(anonymous_8)
FN:67,(anonymous_9)
FN:77,(anonymous_10)
FN:90,(anonymous_11)
FN:100,(anonymous_12)
FN:114,(anonymous_13)
FN:116,(anonymous_14)
FN:124,(anonymous_15)
FN:133,(anonymous_16)
FN:148,(anonymous_17)
FN:151,(anonymous_18)
FN:162,(anonymous_19)
FN:176,(anonymous_20)
FN:182,(anonymous_21)
FN:332,(anonymous_22)
FN:341,(anonymous_23)
FNF:24
FNH:0
FNDA:0,QuizScreen
FNDA:0,(anonymous_1)
FNDA:0,(anonymous_2)
FNDA:0,(anonymous_3)
FNDA:0,(anonymous_4)
FNDA:0,(anonymous_5)
FNDA:0,(anonymous_6)
FNDA:0,(anonymous_7)
FNDA:0,(anonymous_8)
FNDA:0,(anonymous_9)
FNDA:0,(anonymous_10)
FNDA:0,(anonymous_11)
FNDA:0,(anonymous_12)
FNDA:0,(anonymous_13)
FNDA:0,(anonymous_14)
FNDA:0,(anonymous_15)
FNDA:0,(anonymous_16)
FNDA:0,(anonymous_17)
FNDA:0,(anonymous_18)
FNDA:0,(anonymous_19)
FNDA:0,(anonymous_20)
FNDA:0,(anonymous_21)
FNDA:0,(anonymous_22)
FNDA:0,(anonymous_23)
DA:15,1
DA:18,0
DA:19,0
DA:20,0
DA:21,0
DA:22,0
DA:23,0
DA:24,0
DA:27,0
DA:28,0
DA:29,0
DA:30,0
DA:33,0
DA:34,0
DA:36,0
DA:39,0
DA:40,0
DA:45,0
DA:46,0
DA:47,0
DA:56,0
DA:57,0
DA:59,0
DA:60,0
DA:61,0
DA:62,0
DA:65,0
DA:66,0
DA:67,0
DA:73,0
DA:77,0
DA:78,0
DA:79,0
DA:80,0
DA:83,0
DA:84,0
DA:85,0
DA:90,0
DA:91,0
DA:92,0
DA:100,0
DA:101,0
DA:102,0
DA:104,0
DA:110,0
DA:114,0
DA:115,0
DA:116,0
DA:117,0
DA:118,0
DA:120,0
DA:124,0
DA:125,0
DA:126,0
DA:127,0
DA:128,0
DA:129,0
DA:133,0
DA:135,0
DA:136,0
DA:139,0
DA:141,0
DA:148,0
DA:150,0
DA:151,0
DA:152,0
DA:154,0
DA:158,0
DA:159,0
DA:162,0
DA:163,0
DA:173,0
DA:176,0
DA:177,0
DA:182,0
DA:187,0
DA:188,0
DA:195,0
DA:196,0
DA:198,0
DA:203,0
DA:208,0
DA:213,0
DA:218,0
DA:333,0
DA:341,0
DA:375,1
LF:87
LH:2
BRDA:34,0,0,0
BRDA:34,0,1,0
BRDA:46,1,0,0
BRDA:46,1,1,0
BRDA:57,2,0,0
BRDA:57,2,1,0
BRDA:83,3,0,0
BRDA:83,3,1,0
BRDA:83,4,0,0
BRDA:83,4,1,0
BRDA:91,5,0,0
BRDA:91,5,1,0
BRDA:93,6,0,0
BRDA:93,6,1,0
BRDA:101,7,0,0
BRDA:101,7,1,0
BRDA:105,8,0,0
BRDA:105,8,1,0
BRDA:115,9,0,0
BRDA:115,9,1,0
BRDA:125,10,0,0
BRDA:125,10,1,0
BRDA:135,11,0,0
BRDA:135,11,1,0
BRDA:150,12,0,0
BRDA:150,12,1,0
BRDA:167,13,0,0
BRDA:167,13,1,0
BRDA:168,14,0,0
BRDA:168,14,1,0
BRDA:187,15,0,0
BRDA:187,15,1,0
BRDA:251,16,0,0
BRDA:251,16,1,0
BRDA:267,17,0,0
BRDA:267,17,1,0
BRDA:290,18,0,0
BRDA:290,18,1,0
BRDA:293,19,0,0
BRDA:293,19,1,0
BRDA:305,20,0,0
BRDA:305,20,1,0
BRDA:314,21,0,0
BRDA:314,21,1,0
BRDA:320,22,0,0
BRDA:320,22,1,0
BRDA:320,23,0,0
BRDA:320,23,1,0
BRDA:327,24,0,0
BRDA:327,24,1,0
BRDA:338,25,0,0
BRDA:338,25,1,0
BRDA:338,25,2,0
BRDA:339,26,0,0
BRDA:339,26,1,0
BRDA:339,26,2,0
BRDA:363,27,0,0
BRDA:363,27,1,0
BRF:58
BRH:0
end_of_record
TN:
SF:screens/ResultsScreen.js
FN:14,ResultsScreen
FN:25,(anonymous_1)
FN:32,(anonymous_2)
FN:77,(anonymous_3)
FN:81,(anonymous_4)
FN:85,(anonymous_5)
FN:92,(anonymous_6)
FN:94,(anonymous_7)
FN:168,(anonymous_8)
FN:194,(anonymous_9)
FNF:10
FNH:0
FNDA:0,ResultsScreen
FNDA:0,(anonymous_1)
FNDA:0,(anonymous_2)
FNDA:0,(anonymous_3)
FNDA:0,(anonymous_4)
FNDA:0,(anonymous_5)
FNDA:0,(anonymous_6)
FNDA:0,(anonymous_7)
FNDA:0,(anonymous_8)
FNDA:0,(anonymous_9)
DA:12,1
DA:23,0
DA:25,0
DA:26,0
DA:27,0
DA:29,0
DA:32,0
DA:33,0
DA:34,0
DA:41,0
DA:42,0
DA:43,0
DA:48,0
DA:49,0
DA:54,0
DA:55,0
DA:60,0
DA:61,0
DA:67,0
DA:75,0
DA:77,0
DA:78,0
DA:81,0
DA:82,0
DA:85,0
DA:86,0
DA:92,0
DA:93,0
DA:94,0
DA:97,0
DA:169,0
DA:194,0
DA:223,1
LF:33
LH:2
BRDA:26,0,0,0
BRDA:26,0,1,0
BRDA:26,1,0,0
BRDA:26,1,1,0
BRDA:33,2,0,0
BRDA:33,2,1,0
BRDA:42,3,0,0
BRDA:42,3,1,0
BRDA:48,4,0,0
BRDA:48,4,1,0
BRDA:54,5,0,0
BRDA:54,5,1,0
BRDA:60,6,0,0
BRDA:60,6,1,0
BRDA:93,7,0,0
BRDA:93,7,1,0
BRDA:93,8,0,0
BRDA:93,8,1,0
BRDA:115,9,0,0
BRDA:115,9,1,0
BRDA:119,10,0,0
BRDA:119,10,1,0
BRDA:119,10,2,0
BRDA:154,11,0,0
BRDA:154,11,1,0
BRDA:163,12,0,0
BRDA:163,12,1,0
BRDA:163,12,2,0
BRDA:188,13,0,0
BRDA:188,13,1,0
BRDA:210,14,0,0
BRDA:210,14,1,0
BRDA:212,15,0,0
BRDA:212,15,1,0
BRF:34
BRH:0
end_of_record
TN:
SF:screens/SubjectScreen.js
FN:12,SubjectScreen
FN:17,(anonymous_1)
FN:18,(anonymous_2)
FN:20,(anonymous_3)
FN:27,(anonymous_4)
FN:31,(anonymous_5)
FN:35,(anonymous_6)
FN:42,(anonymous_7)
FN:43,(anonymous_8)
FN:53,(anonymous_9)
FN:55,(anonymous_10)
FN:56,(anonymous_11)
FN:66,(anonymous_12)
FN:75,(anonymous_13)
FN:86,(anonymous_14)
FN:108,(anonymous_15)
FN:116,(anonymous_16)
FNF:17
FNH:0
FNDA:0,SubjectScreen
FNDA:0,(anonymous_1)
FNDA:0,(anonymous_2)
FNDA:0,(anonymous_3)
FNDA:0,(anonymous_4)
FNDA:0,(anonymous_5)
FNDA:0,(anonymous_6)
FNDA:0,(anonymous_7)
FNDA:0,(anonymous_8)
FNDA:0,(anonymous_9)
FNDA:0,(anonymous_10)
FNDA:0,(anonymous_11)
FNDA:0,(anonymous_12)
FNDA:0,(anonymous_13)
FNDA:0,(anonymous_14)
FNDA:0,(anonymous_15)
FNDA:0,(anonymous_16)
DA:13,0
DA:14,0
DA:15,0
DA:17,0
DA:18,0
DA:19,0
DA:20,0
DA:22,0
DA:27,0
DA:28,0
DA:29,0
DA:31,0
DA:35,0
DA:36,0
DA:37,0
DA:38,0
DA:41,0
DA:42,0
DA:43,0
DA:45,0
DA:53,0
DA:54,0
DA:55,0
DA:56,0
DA:59,0
DA:66,0
DA:75,0
DA:86,0
DA:109,0
DA:116,0
DA:170,1
LF:31
LH:1
BRDA:19,0,0,0
BRDA:19,0,1,0
BRDA:28,1,0,0
BRDA:28,1,1,0
BRDA:36,2,0,0
BRDA:36,2,1,0
BRDA:74,3,0,0
BRDA:74,3,1,0
BRDA:77,4,0,0
BRDA:77,4,1,0
BRDA:80,5,0,0
BRDA:80,5,1,0
BRDA:85,6,0,0
BRDA:85,6,1,0
BRDA:88,7,0,0
BRDA:88,7,1,0
BRDA:91,8,0,0
BRDA:91,8,1,0
BRDA:103,9,0,0
BRDA:103,9,1,0
BRDA:114,10,0,0
BRDA:114,10,1,0
BRDA:121,11,0,0
BRDA:121,11,1,0
BRDA:127,12,0,0
BRDA:127,12,1,0
BRDA:134,13,0,0
BRDA:134,13,1,0
BRDA:136,14,0,0
BRDA:136,14,1,0
BRDA:144,15,0,0
BRDA:144,15,1,0
BRDA:147,16,0,0
BRDA:147,16,1,0
BRDA:156,17,0,0
BRDA:156,17,1,0
BRDA:162,18,0,0
BRDA:162,18,1,0
BRF:38
BRH:0
end_of_record
